USER = lisa5634
JOB = 4886356
QOS = normal
#!/bin/bash -l

# --- SLURM PARAMETERS ---
#SBATCH -A uppmax2026-1-94
#SBATCH -p pelle
#SBATCH -n 1
#SBATCH -t 02:00:00
#SBATCH -J fly_ngs


# --- INSTRUCTOR REQUIRED LINES ---
echo USER = $USER
echo JOB = $SLURM_JOBID
echo QOS = $SLURM_JOB_QOS
cat $0

# --- MODULE SETUP ---
module load Bowtie2/2.5.4-GCC-13.3.0
module load SAMtools/1.22.1-GCC-13.3.0
module load bcftools

# --- MOVE TO SNIC_TMP ---
cd $SNIC_TMP

# --- COPY DATA TO SNIC_TMP ---
echo "Copying Fly data and references to SNIC_TMP..."
cp /proj/uppmax2026-1-94/ngs/fly/*.fa.gz .
cp /sw/data/igenomes/Drosophila_melanogaster/Ensembl/BDGP6/Sequence/WholeGenomeFasta/genome.fa* .

# Set the reference index path
REF="/sw/data/igenomes/Drosophila_melanogaster/Ensembl/BDGP6/Sequence/Bowtie2Index/genome"

echo "Starting the Bioinformatics Pipeline..."

# --- THE MASTER LOOP ---
for sample_file in *.fa.gz 
do
    # Strip the .fa.gz off the file name
    base_name=$(basename $sample_file .fa.gz)
    
    echo "========================================"
    echo "Processing $base_name..."
    echo "========================================"

    # Step 3: Alignment
    bowtie2 -x $REF -U $sample_file -S ${base_name}.sam
    
    # Step 4: Sort
    samtools sort ${base_name}.sam -o ${base_name}.bam
    
    # Step 5: Index
    samtools index ${base_name}.bam
    
    # Step 7: Pile-up and Call
    bcftools mpileup -f genome.fa ${base_name}.bam | bcftools call -mv -Ob -o ${base_name}.bcf
    
    # Step 8: Convert to plain-text VCF
    bcftools view ${base_name}.bcf -o ${base_name}.vcf

done

echo "Pipeline complete! Rescuing final VCF files from SNIC_TMP..."

# --- RESCUE THE DATA ---
cp *.vcf ~/BigData/Assignment1/

echo "All done! Job finished successfully."
Lmod has detected the following error: The following module(s) are unknown:
"bcftools"

Please check the spelling or version number. Also try "module spider ..."
It is also possible your cache file is out-of-date; it may help to try:
  $ module --ignore_cache load "bcftools"

Also make sure that all modulefiles written in TCL start with the string
#%Module



Copying Fly data and references to SNIC_TMP...
Starting the Bioinformatics Pipeline...
========================================
Processing fly_01...
========================================
Error: reads file does not look like a FASTQ file
terminate called after throwing an instance of 'int'
(ERR): bowtie2-align died with signal 6 (ABRT) (core dumped)
[W::hts_set_opt] Cannot change block size for this format
samtools sort: failed to read header from "fly_01.sam"
[E::hts_open_format] Failed to open file "fly_01.bam" : No such file or directory
samtools index: failed to open "fly_01.bam": No such file or directory
Note: none of --samples-file, --ploidy or --ploidy-file given, assuming all sites are diploid
[E::hts_open_format] Failed to open file "fly_01.bam" : No such file or directory
[mpileup] failed to open fly_01.bam: No such file or directory
Failed to read from standard input: unknown file type
[E::hts_open_format] Failed to open file "fly_01.bcf" : No such file or directory
Failed to read from fly_01.bcf: No such file or directory
========================================
Processing fly_02...
========================================
Error: reads file does not look like a FASTQ file
terminate called after throwing an instance of 'int'
(ERR): bowtie2-align died with signal 6 (ABRT) (core dumped)
[W::hts_set_opt] Cannot change block size for this format
samtools sort: failed to read header from "fly_02.sam"
[E::hts_open_format] Failed to open file "fly_02.bam" : No such file or directory
samtools index: failed to open "fly_02.bam": No such file or directory
Note: none of --samples-file, --ploidy or --ploidy-file given, assuming all sites are diploid
[E::hts_open_format] Failed to open file "fly_02.bam" : No such file or directory
[mpileup] failed to open fly_02.bam: No such file or directory
Failed to read from standard input: unknown file type
[E::hts_open_format] Failed to open file "fly_02.bcf" : No such file or directory
Failed to read from fly_02.bcf: No such file or directory
========================================
Processing fly_03...
========================================
Error: reads file does not look like a FASTQ file
terminate called after throwing an instance of 'int'
(ERR): bowtie2-align died with signal 6 (ABRT) (core dumped)
[W::hts_set_opt] Cannot change block size for this format
samtools sort: failed to read header from "fly_03.sam"
[E::hts_open_format] Failed to open file "fly_03.bam" : No such file or directory
samtools index: failed to open "fly_03.bam": No such file or directory
Note: none of --samples-file, --ploidy or --ploidy-file given, assuming all sites are diploid
[E::hts_open_format] Failed to open file "fly_03.bam" : No such file or directory
[mpileup] failed to open fly_03.bam: No such file or directory
Failed to read from standard input: unknown file type
[E::hts_open_format] Failed to open file "fly_03.bcf" : No such file or directory
Failed to read from fly_03.bcf: No such file or directory
========================================
Processing fly_04...
========================================
Error: reads file does not look like a FASTQ file
terminate called after throwing an instance of 'int'
(ERR): bowtie2-align died with signal 6 (ABRT) (core dumped)
[W::hts_set_opt] Cannot change block size for this format
samtools sort: failed to read header from "fly_04.sam"
[E::hts_open_format] Failed to open file "fly_04.bam" : No such file or directory
samtools index: failed to open "fly_04.bam": No such file or directory
Note: none of --samples-file, --ploidy or --ploidy-file given, assuming all sites are diploid
[E::hts_open_format] Failed to open file "fly_04.bam" : No such file or directory
[mpileup] failed to open fly_04.bam: No such file or directory
Failed to read from standard input: unknown file type
[E::hts_open_format] Failed to open file "fly_04.bcf" : No such file or directory
Failed to read from fly_04.bcf: No such file or directory
========================================
Processing fly_05...
========================================
Error: reads file does not look like a FASTQ file
terminate called after throwing an instance of 'int'
(ERR): bowtie2-align died with signal 6 (ABRT) (core dumped)
[W::hts_set_opt] Cannot change block size for this format
samtools sort: failed to read header from "fly_05.sam"
[E::hts_open_format] Failed to open file "fly_05.bam" : No such file or directory
samtools index: failed to open "fly_05.bam": No such file or directory
Note: none of --samples-file, --ploidy or --ploidy-file given, assuming all sites are diploid
[E::hts_open_format] Failed to open file "fly_05.bam" : No such file or directory
[mpileup] failed to open fly_05.bam: No such file or directory
Failed to read from standard input: unknown file type
[E::hts_open_format] Failed to open file "fly_05.bcf" : No such file or directory
Failed to read from fly_05.bcf: No such file or directory
========================================
Processing fly_06...
========================================
Error: reads file does not look like a FASTQ file
terminate called after throwing an instance of 'int'
(ERR): bowtie2-align died with signal 6 (ABRT) (core dumped)
[W::hts_set_opt] Cannot change block size for this format
samtools sort: failed to read header from "fly_06.sam"
[E::hts_open_format] Failed to open file "fly_06.bam" : No such file or directory
samtools index: failed to open "fly_06.bam": No such file or directory
Note: none of --samples-file, --ploidy or --ploidy-file given, assuming all sites are diploid
[E::hts_open_format] Failed to open file "fly_06.bam" : No such file or directory
[mpileup] failed to open fly_06.bam: No such file or directory
Failed to read from standard input: unknown file type
[E::hts_open_format] Failed to open file "fly_06.bcf" : No such file or directory
Failed to read from fly_06.bcf: No such file or directory
========================================
Processing fly_07...
========================================
Error: reads file does not look like a FASTQ file
terminate called after throwing an instance of 'int'
(ERR): bowtie2-align died with signal 6 (ABRT) (core dumped)
[W::hts_set_opt] Cannot change block size for this format
samtools sort: failed to read header from "fly_07.sam"
[E::hts_open_format] Failed to open file "fly_07.bam" : No such file or directory
samtools index: failed to open "fly_07.bam": No such file or directory
Note: none of --samples-file, --ploidy or --ploidy-file given, assuming all sites are diploid
[E::hts_open_format] Failed to open file "fly_07.bam" : No such file or directory
[mpileup] failed to open fly_07.bam: No such file or directory
Failed to read from standard input: unknown file type
[E::hts_open_format] Failed to open file "fly_07.bcf" : No such file or directory
Failed to read from fly_07.bcf: No such file or directory
========================================
Processing fly_08...
========================================
Error: reads file does not look like a FASTQ file
terminate called after throwing an instance of 'int'
(ERR): bowtie2-align died with signal 6 (ABRT) (core dumped)
[W::hts_set_opt] Cannot change block size for this format
samtools sort: failed to read header from "fly_08.sam"
[E::hts_open_format] Failed to open file "fly_08.bam" : No such file or directory
samtools index: failed to open "fly_08.bam": No such file or directory
Note: none of --samples-file, --ploidy or --ploidy-file given, assuming all sites are diploid
[E::hts_open_format] Failed to open file "fly_08.bam" : No such file or directory
[mpileup] failed to open fly_08.bam: No such file or directory
Failed to read from standard input: unknown file type
[E::hts_open_format] Failed to open file "fly_08.bcf" : No such file or directory
Failed to read from fly_08.bcf: No such file or directory
========================================
Processing fly_09...
========================================
Error: reads file does not look like a FASTQ file
terminate called after throwing an instance of 'int'
(ERR): bowtie2-align died with signal 6 (ABRT) (core dumped)
[W::hts_set_opt] Cannot change block size for this format
samtools sort: failed to read header from "fly_09.sam"
[E::hts_open_format] Failed to open file "fly_09.bam" : No such file or directory
samtools index: failed to open "fly_09.bam": No such file or directory
Note: none of --samples-file, --ploidy or --ploidy-file given, assuming all sites are diploid
[E::hts_open_format] Failed to open file "fly_09.bam" : No such file or directory
[mpileup] failed to open fly_09.bam: No such file or directory
Failed to read from standard input: unknown file type
[E::hts_open_format] Failed to open file "fly_09.bcf" : No such file or directory
Failed to read from fly_09.bcf: No such file or directory
========================================
Processing fly_10...
========================================
Error: reads file does not look like a FASTQ file
terminate called after throwing an instance of 'int'
(ERR): bowtie2-align died with signal 6 (ABRT) (core dumped)
[W::hts_set_opt] Cannot change block size for this format
samtools sort: failed to read header from "fly_10.sam"
[E::hts_open_format] Failed to open file "fly_10.bam" : No such file or directory
samtools index: failed to open "fly_10.bam": No such file or directory
Note: none of --samples-file, --ploidy or --ploidy-file given, assuming all sites are diploid
[E::hts_open_format] Failed to open file "fly_10.bam" : No such file or directory
[mpileup] failed to open fly_10.bam: No such file or directory
Failed to read from standard input: unknown file type
[E::hts_open_format] Failed to open file "fly_10.bcf" : No such file or directory
Failed to read from fly_10.bcf: No such file or directory
========================================
Processing fly_11...
========================================
Error: reads file does not look like a FASTQ file
terminate called after throwing an instance of 'int'
(ERR): bowtie2-align died with signal 6 (ABRT) (core dumped)
[W::hts_set_opt] Cannot change block size for this format
samtools sort: failed to read header from "fly_11.sam"
[E::hts_open_format] Failed to open file "fly_11.bam" : No such file or directory
samtools index: failed to open "fly_11.bam": No such file or directory
Note: none of --samples-file, --ploidy or --ploidy-file given, assuming all sites are diploid
[E::hts_open_format] Failed to open file "fly_11.bam" : No such file or directory
[mpileup] failed to open fly_11.bam: No such file or directory
Failed to read from standard input: unknown file type
[E::hts_open_format] Failed to open file "fly_11.bcf" : No such file or directory
Failed to read from fly_11.bcf: No such file or directory
========================================
Processing fly_12...
========================================
Error: reads file does not look like a FASTQ file
terminate called after throwing an instance of 'int'
(ERR): bowtie2-align died with signal 6 (ABRT) (core dumped)
[W::hts_set_opt] Cannot change block size for this format
samtools sort: failed to read header from "fly_12.sam"
[E::hts_open_format] Failed to open file "fly_12.bam" : No such file or directory
samtools index: failed to open "fly_12.bam": No such file or directory
Note: none of --samples-file, --ploidy or --ploidy-file given, assuming all sites are diploid
[E::hts_open_format] Failed to open file "fly_12.bam" : No such file or directory
[mpileup] failed to open fly_12.bam: No such file or directory
Failed to read from standard input: unknown file type
[E::hts_open_format] Failed to open file "fly_12.bcf" : No such file or directory
Failed to read from fly_12.bcf: No such file or directory
========================================
Processing fly_13...
========================================
Error: reads file does not look like a FASTQ file
terminate called after throwing an instance of 'int'
(ERR): bowtie2-align died with signal 6 (ABRT) (core dumped)
[W::hts_set_opt] Cannot change block size for this format
samtools sort: failed to read header from "fly_13.sam"
[E::hts_open_format] Failed to open file "fly_13.bam" : No such file or directory
samtools index: failed to open "fly_13.bam": No such file or directory
Note: none of --samples-file, --ploidy or --ploidy-file given, assuming all sites are diploid
[E::hts_open_format] Failed to open file "fly_13.bam" : No such file or directory
[mpileup] failed to open fly_13.bam: No such file or directory
Failed to read from standard input: unknown file type
[E::hts_open_format] Failed to open file "fly_13.bcf" : No such file or directory
Failed to read from fly_13.bcf: No such file or directory
Pipeline complete! Rescuing final VCF files from SNIC_TMP...
cp: cannot stat '*.vcf': No such file or directory
All done! Job finished successfully.
