USER = lisa5634
JOB = 4899114
QOS = normal
#!/bin/bash -l

# --- SLURM PARAMETERS ---
#SBATCH -A uppmax2026-1-94
#SBATCH -p pelle
#SBATCH -n 1
#SBATCH -t 02:00:00
#SBATCH -J fly_ngs

# --- INSTRUCTOR REQUIRED LINES ---
echo USER = $USER
echo JOB = $SLURM_JOBID
echo QOS = $SLURM_JOB_QOS
cat $0

# --- MODULE SETUP ---
module load Bowtie2/2.5.4-GCC-13.3.0
module load SAMtools/1.22.1-GCC-13.3.0
module load bcftools

# --- MOVE TO SNIC_TMP ---
cd $SNIC_TMP

# --- COPY DATA TO SNIC_TMP ---
echo "Copying Fly data and references to SNIC_TMP..."
cp /proj/uppmax2026-1-94/ngs/fly/*.fa.gz .
cp /sw/data/igenomes/Drosophila_melanogaster/Ensembl/BDGP6/Sequence/WholeGenomeFasta/genome.fa* .

# Set the reference index path
REF="/sw/data/igenomes/Drosophila_melanogaster/Ensembl/BDGP6/Sequence/Bowtie2Index/genome"

echo "Starting the Bioinformatics Pipeline..."

# --- THE MASTER LOOP ---
for sample_file in *.fq.gz
do
    
    base_name=$(basename $sample_file .fq.gz)
    
    echo "========================================"
    echo "Processing $base_name..."
    echo "========================================"

    # Alignment
    bowtie2 -x $REF -U $sample_file -S ${base_name}.sam
    
    # Sort
    samtools sort ${base_name}.sam -o ${base_name}.bam
    
    # Index
    samtools index ${base_name}.bam
    
    # Pile-up and Call
    bcftools mpileup -f genome.fa ${base_name}.bam | bcftools call -mv -Ob -o ${base_name}.bcf
    
    # Convert to plain-text VCF
    bcftools view ${base_name}.bcf -o ${base_name}.vcf

done

echo "Pipeline complete! Rescuing final VCF files from SNIC_TMP..."

# --- RESCUE THE DATA ---
cp *.vcf ~/BigData/Assignment1/

echo "All done! Job finished successfully."
Lmod has detected the following error: The following module(s) are unknown:
"bcftools"

Please check the spelling or version number. Also try "module spider ..."
It is also possible your cache file is out-of-date; it may help to try:
  $ module --ignore_cache load "bcftools"

Also make sure that all modulefiles written in TCL start with the string
#%Module



Copying Fly data and references to SNIC_TMP...
cp: cannot stat '/proj/uppmax2026-1-94/ngs/fly/*.fa.gz': No such file or directory
Starting the Bioinformatics Pipeline...
========================================
Processing *...
========================================
stat: Bad file descriptor
Warning: Could not open read file "*.fq.gz" for reading; skipping...
Error: No input read files were valid
(ERR): bowtie2-align exited with value 1
[E::hts_open_format] Failed to open file "*.sam" : No such file or directory
samtools sort: can't open "*.sam": No such file or directory
[E::hts_open_format] Failed to open file "*.bam" : No such file or directory
samtools index: failed to open "*.bam": No such file or directory
/var/spool/slurmd/job4899114/slurm_script: line 54: bcftools: command not found
/var/spool/slurmd/job4899114/slurm_script: line 54: bcftools: command not found
/var/spool/slurmd/job4899114/slurm_script: line 57: bcftools: command not found
Pipeline complete! Rescuing final VCF files from SNIC_TMP...
cp: cannot stat '*.vcf': No such file or directory
All done! Job finished successfully.
